03-Dec-2015 16:22:04.501 WARNING [main] org.apache.tomcat.util.digester.SetPropertiesRule.begin [SetPropertiesRule]{Server/Service/Engine/Host/Valve} Setting property 'resolveHosts' to 'false' did not find a matching property.
03-Dec-2015 16:22:04.509 INFO [main] org.apache.catalina.core.AprLifecycleListener.lifecycleEvent The APR based Apache Tomcat Native library which allows optimal performance in production environments was not found on the java.library.path: C:\Program Files (x86)\Java\jdk1.8.0_60\jre\bin;C:\Windows\Sun\Java\bin;C:\Windows\system32;C:\Windows;C:\ProgramData\Oracle\Java\javapath;C:\Windows\system32;C:\Windows;C:\Windows\System32\Wbem;C:\Windows\System32\WindowsPowerShell\v1.0\;C:\Program Files (x86)\QuickTime\QTSystem\;C:\Program Files (x86)\Common Files\Roxio Shared\10.0\DLLShared\;C:\Program Files (x86)\Common Files\Roxio Shared\DLLShared\;C:\Program Files (x86)\lotus\notes;C:\tibco_dev2\gradle-2.4\bin;C:\Program Files\TortoiseSVN\bin;C:\tibco_dev2\tibco\tibcojre\1.7.0\bin;C:\tibco_dev2\svn\bin;C:\tibco_dev2\maven\bin;C:\cygwin64\bin;C:\Juan\apache-ant-1.9.6\bin;C:\Juan\gradle-2.8\bin;C:\juan\Git\cmd;C:\juan\Git\mingw64\bin;C:\juan\Git\usr\bin;C:\Program Files\nodejs\;C:\Program Files (x86)\Nmap;C:\Users\juanpablo.casas\AppData\Roaming\npm;.
03-Dec-2015 16:22:04.805 INFO [main] org.apache.coyote.AbstractProtocol.init Initializing ProtocolHandler ["http-nio-8080"]
03-Dec-2015 16:22:04.918 INFO [main] org.apache.tomcat.util.net.NioSelectorPool.getSharedSelector Using a shared selector for servlet write/read
03-Dec-2015 16:22:04.920 INFO [main] org.apache.coyote.AbstractProtocol.init Initializing ProtocolHandler ["ajp-nio-8009"]
03-Dec-2015 16:22:04.923 INFO [main] org.apache.tomcat.util.net.NioSelectorPool.getSharedSelector Using a shared selector for servlet write/read
03-Dec-2015 16:22:04.923 INFO [main] org.apache.catalina.startup.Catalina.load Initialization processed in 1261 ms
03-Dec-2015 16:22:04.975 INFO [main] org.apache.catalina.core.StandardService.startInternal Starting service Catalina
03-Dec-2015 16:22:04.975 INFO [main] org.apache.catalina.core.StandardEngine.startInternal Starting Servlet Engine: Apache Tomcat/8.0.23
03-Dec-2015 16:22:04.993 INFO [localhost-startStop-1] org.apache.catalina.startup.HostConfig.deployWAR Deploying web application archive C:\Juan\Y2C\rent\RentYourPark\Site_Rent\target\tomcat8x\webapps\cargocpc.war
03-Dec-2015 16:22:05.582 INFO [localhost-startStop-1] org.apache.catalina.util.SessionIdGeneratorBase.createSecureRandom Creation of SecureRandom instance for session ID generation using [SHA1PRNG] took [132] milliseconds.
03-Dec-2015 16:22:05.646 INFO [localhost-startStop-1] org.apache.catalina.startup.HostConfig.deployWAR Deployment of web application archive C:\Juan\Y2C\rent\RentYourPark\Site_Rent\target\tomcat8x\webapps\cargocpc.war has finished in 653 ms
03-Dec-2015 16:22:05.648 INFO [localhost-startStop-1] org.apache.catalina.startup.HostConfig.deployWAR Deploying web application archive C:\Juan\Y2C\rent\RentYourPark\Site_Rent\target\tomcat8x\webapps\cms.war
03-Dec-2015 16:22:41.436 INFO [localhost-startStop-1] org.apache.catalina.startup.HostConfig.deployWAR Deployment of web application archive C:\Juan\Y2C\rent\RentYourPark\Site_Rent\target\tomcat8x\webapps\cms.war has finished in 35,787 ms
03-Dec-2015 16:22:41.436 INFO [localhost-startStop-1] org.apache.catalina.startup.HostConfig.deployWAR Deploying web application archive C:\Juan\Y2C\rent\RentYourPark\Site_Rent\target\tomcat8x\webapps\essentials.war
03-Dec-2015 16:22:54.169 INFO [localhost-startStop-1] org.apache.catalina.startup.HostConfig.deployWAR Deployment of web application archive C:\Juan\Y2C\rent\RentYourPark\Site_Rent\target\tomcat8x\webapps\essentials.war has finished in 12,733 ms
03-Dec-2015 16:22:54.172 INFO [localhost-startStop-1] org.apache.catalina.startup.HostConfig.deployWAR Deploying web application archive C:\Juan\Y2C\rent\RentYourPark\Site_Rent\target\tomcat8x\webapps\site.war
03-Dec-2015 16:22:54.177 INFO [localhost-startStop-1] org.apache.catalina.realm.JAASRealm.setUseContextClassLoader Setting useContextClassLoader = true
03-Dec-2015 16:23:04.452 INFO [localhost-startStop-1] org.apache.catalina.startup.HostConfig.deployWAR Deployment of web application archive C:\Juan\Y2C\rent\RentYourPark\Site_Rent\target\tomcat8x\webapps\site.war has finished in 10,280 ms
03-Dec-2015 16:23:04.454 INFO [localhost-startStop-1] org.apache.catalina.startup.HostConfig.deployDirectory Deploying web application directory C:\Juan\Y2C\rent\RentYourPark\Site_Rent\target\tomcat8x\webapps\host-manager
03-Dec-2015 16:23:04.508 INFO [localhost-startStop-1] org.apache.catalina.startup.HostConfig.deployDirectory Deployment of web application directory C:\Juan\Y2C\rent\RentYourPark\Site_Rent\target\tomcat8x\webapps\host-manager has finished in 53 ms
03-Dec-2015 16:23:04.508 INFO [localhost-startStop-1] org.apache.catalina.startup.HostConfig.deployDirectory Deploying web application directory C:\Juan\Y2C\rent\RentYourPark\Site_Rent\target\tomcat8x\webapps\manager
03-Dec-2015 16:23:04.557 INFO [localhost-startStop-1] org.apache.catalina.startup.HostConfig.deployDirectory Deployment of web application directory C:\Juan\Y2C\rent\RentYourPark\Site_Rent\target\tomcat8x\webapps\manager has finished in 49 ms
03-Dec-2015 16:23:04.563 INFO [main] org.apache.coyote.AbstractProtocol.start Starting ProtocolHandler ["http-nio-8080"]
03-Dec-2015 16:23:04.572 INFO [main] org.apache.coyote.AbstractProtocol.start Starting ProtocolHandler ["ajp-nio-8009"]
03-Dec-2015 16:23:04.575 INFO [main] org.apache.catalina.startup.Catalina.start Server startup in 59659 ms
